c:\repo\stm32f746ng_discovery_init\visualgdb\debug\stm32f7
c:\repo\stm32f746ng_discovery_init\visualgdb\debug\stm32f7.link.rsp
c:\repo\stm32f746ng_discovery_init\visualgdb\debug\stm32f7.mkbin.rsp
c:\repo\stm32f746ng_discovery_init\visualgdb\debug\stm32f7.bin
c:\repo\stm32f746ng_discovery_init\kingslanding\visualgdb\debug\main.o
c:\repo\stm32f746ng_discovery_init\kingslanding\visualgdb\debug\startup_stm32f746xx.o
c:\repo\stm32f746ng_discovery_init\kingslanding\visualgdb\debug\stm32f7xx_hal.o
c:\repo\stm32f746ng_discovery_init\kingslanding\visualgdb\debug\stm32f7xx_hal_adc.o
c:\repo\stm32f746ng_discovery_init\kingslanding\visualgdb\debug\stm32f7xx_hal_adc_ex.o
c:\repo\stm32f746ng_discovery_init\kingslanding\visualgdb\debug\stm32f7xx_hal_can.o
c:\repo\stm32f746ng_discovery_init\kingslanding\visualgdb\debug\stm32f7xx_hal_cec.o
c:\repo\stm32f746ng_discovery_init\kingslanding\visualgdb\debug\stm32f7xx_hal_cortex.o
c:\repo\stm32f746ng_discovery_init\kingslanding\visualgdb\debug\stm32f7xx_hal_crc.o
c:\repo\stm32f746ng_discovery_init\kingslanding\visualgdb\debug\stm32f7xx_hal_crc_ex.o
c:\repo\stm32f746ng_discovery_init\kingslanding\visualgdb\debug\stm32f7xx_hal_cryp.o
c:\repo\stm32f746ng_discovery_init\kingslanding\visualgdb\debug\stm32f7xx_hal_cryp_ex.o
c:\repo\stm32f746ng_discovery_init\kingslanding\visualgdb\debug\stm32f7xx_hal_dac.o
c:\repo\stm32f746ng_discovery_init\kingslanding\visualgdb\debug\stm32f7xx_hal_dac_ex.o
c:\repo\stm32f746ng_discovery_init\kingslanding\visualgdb\debug\stm32f7xx_hal_dcmi.o
c:\repo\stm32f746ng_discovery_init\kingslanding\visualgdb\debug\stm32f7xx_hal_dcmi_ex.o
c:\repo\stm32f746ng_discovery_init\kingslanding\visualgdb\debug\stm32f7xx_hal_dfsdm.o
c:\repo\stm32f746ng_discovery_init\kingslanding\visualgdb\debug\stm32f7xx_hal_dma.o
c:\repo\stm32f746ng_discovery_init\kingslanding\visualgdb\debug\stm32f7xx_hal_dma2d.o
c:\repo\stm32f746ng_discovery_init\kingslanding\visualgdb\debug\stm32f7xx_hal_dma_ex.o
c:\repo\stm32f746ng_discovery_init\kingslanding\visualgdb\debug\stm32f7xx_hal_dsi.o
c:\repo\stm32f746ng_discovery_init\kingslanding\visualgdb\debug\stm32f7xx_hal_eth.o
c:\repo\stm32f746ng_discovery_init\kingslanding\visualgdb\debug\stm32f7xx_hal_flash.o
c:\repo\stm32f746ng_discovery_init\kingslanding\visualgdb\debug\stm32f7xx_hal_flash_ex.o
c:\repo\stm32f746ng_discovery_init\kingslanding\visualgdb\debug\stm32f7xx_hal_gpio.o
c:\repo\stm32f746ng_discovery_init\kingslanding\visualgdb\debug\stm32f7xx_hal_hash.o
c:\repo\stm32f746ng_discovery_init\kingslanding\visualgdb\debug\stm32f7xx_hal_hash_ex.o
c:\repo\stm32f746ng_discovery_init\kingslanding\visualgdb\debug\stm32f7xx_hal_hcd.o
c:\repo\stm32f746ng_discovery_init\kingslanding\visualgdb\debug\stm32f7xx_hal_i2c.o
c:\repo\stm32f746ng_discovery_init\kingslanding\visualgdb\debug\stm32f7xx_hal_i2c_ex.o
c:\repo\stm32f746ng_discovery_init\kingslanding\visualgdb\debug\stm32f7xx_hal_i2s.o
c:\repo\stm32f746ng_discovery_init\kingslanding\visualgdb\debug\stm32f7xx_hal_irda.o
c:\repo\stm32f746ng_discovery_init\kingslanding\visualgdb\debug\stm32f7xx_hal_iwdg.o
c:\repo\stm32f746ng_discovery_init\kingslanding\visualgdb\debug\stm32f7xx_hal_jpeg.o
c:\repo\stm32f746ng_discovery_init\kingslanding\visualgdb\debug\stm32f7xx_hal_lptim.o
c:\repo\stm32f746ng_discovery_init\kingslanding\visualgdb\debug\stm32f7xx_hal_ltdc.o
c:\repo\stm32f746ng_discovery_init\kingslanding\visualgdb\debug\stm32f7xx_hal_ltdc_ex.o
c:\repo\stm32f746ng_discovery_init\kingslanding\visualgdb\debug\stm32f7xx_hal_mdios.o
c:\repo\stm32f746ng_discovery_init\kingslanding\visualgdb\debug\stm32f7xx_hal_mmc.o
c:\repo\stm32f746ng_discovery_init\kingslanding\visualgdb\debug\stm32f7xx_hal_nand.o
c:\repo\stm32f746ng_discovery_init\kingslanding\visualgdb\debug\stm32f7xx_hal_nor.o
c:\repo\stm32f746ng_discovery_init\kingslanding\visualgdb\debug\stm32f7xx_hal_pcd.o
c:\repo\stm32f746ng_discovery_init\kingslanding\visualgdb\debug\stm32f7xx_hal_pcd_ex.o
c:\repo\stm32f746ng_discovery_init\kingslanding\visualgdb\debug\stm32f7xx_hal_pwr.o
c:\repo\stm32f746ng_discovery_init\kingslanding\visualgdb\debug\stm32f7xx_hal_pwr_ex.o
c:\repo\stm32f746ng_discovery_init\kingslanding\visualgdb\debug\stm32f7xx_hal_qspi.o
c:\repo\stm32f746ng_discovery_init\kingslanding\visualgdb\debug\stm32f7xx_hal_rcc.o
c:\repo\stm32f746ng_discovery_init\kingslanding\visualgdb\debug\stm32f7xx_hal_rcc_ex.o
c:\repo\stm32f746ng_discovery_init\kingslanding\visualgdb\debug\stm32f7xx_hal_rng.o
c:\repo\stm32f746ng_discovery_init\kingslanding\visualgdb\debug\stm32f7xx_hal_rtc.o
c:\repo\stm32f746ng_discovery_init\kingslanding\visualgdb\debug\stm32f7xx_hal_rtc_ex.o
c:\repo\stm32f746ng_discovery_init\kingslanding\visualgdb\debug\stm32f7xx_hal_sai.o
c:\repo\stm32f746ng_discovery_init\kingslanding\visualgdb\debug\stm32f7xx_hal_sai_ex.o
c:\repo\stm32f746ng_discovery_init\kingslanding\visualgdb\debug\stm32f7xx_hal_sd.o
c:\repo\stm32f746ng_discovery_init\kingslanding\visualgdb\debug\stm32f7xx_hal_sdram.o
c:\repo\stm32f746ng_discovery_init\kingslanding\visualgdb\debug\stm32f7xx_hal_smartcard.o
c:\repo\stm32f746ng_discovery_init\kingslanding\visualgdb\debug\stm32f7xx_hal_smartcard_ex.o
c:\repo\stm32f746ng_discovery_init\kingslanding\visualgdb\debug\stm32f7xx_hal_smbus.o
c:\repo\stm32f746ng_discovery_init\kingslanding\visualgdb\debug\stm32f7xx_hal_spdifrx.o
c:\repo\stm32f746ng_discovery_init\kingslanding\visualgdb\debug\stm32f7xx_hal_spi.o
c:\repo\stm32f746ng_discovery_init\kingslanding\visualgdb\debug\stm32f7xx_hal_sram.o
c:\repo\stm32f746ng_discovery_init\kingslanding\visualgdb\debug\stm32f7xx_hal_tim.o
c:\repo\stm32f746ng_discovery_init\kingslanding\visualgdb\debug\stm32f7xx_hal_tim_ex.o
c:\repo\stm32f746ng_discovery_init\kingslanding\visualgdb\debug\stm32f7xx_hal_uart.o
c:\repo\stm32f746ng_discovery_init\kingslanding\visualgdb\debug\stm32f7xx_hal_usart.o
c:\repo\stm32f746ng_discovery_init\kingslanding\visualgdb\debug\stm32f7xx_hal_wwdg.o
c:\repo\stm32f746ng_discovery_init\kingslanding\visualgdb\debug\stm32f7xx_ll_adc.o
c:\repo\stm32f746ng_discovery_init\kingslanding\visualgdb\debug\stm32f7xx_ll_crc.o
c:\repo\stm32f746ng_discovery_init\kingslanding\visualgdb\debug\stm32f7xx_ll_dac.o
c:\repo\stm32f746ng_discovery_init\kingslanding\visualgdb\debug\stm32f7xx_ll_dma.o
c:\repo\stm32f746ng_discovery_init\kingslanding\visualgdb\debug\stm32f7xx_ll_dma2d.o
c:\repo\stm32f746ng_discovery_init\kingslanding\visualgdb\debug\stm32f7xx_ll_exti.o
c:\repo\stm32f746ng_discovery_init\kingslanding\visualgdb\debug\stm32f7xx_ll_fmc.o
c:\repo\stm32f746ng_discovery_init\kingslanding\visualgdb\debug\stm32f7xx_ll_gpio.o
c:\repo\stm32f746ng_discovery_init\kingslanding\visualgdb\debug\stm32f7xx_ll_i2c.o
c:\repo\stm32f746ng_discovery_init\kingslanding\visualgdb\debug\stm32f7xx_ll_lptim.o
c:\repo\stm32f746ng_discovery_init\kingslanding\visualgdb\debug\stm32f7xx_ll_pwr.o
c:\repo\stm32f746ng_discovery_init\kingslanding\visualgdb\debug\stm32f7xx_ll_rcc.o
c:\repo\stm32f746ng_discovery_init\kingslanding\visualgdb\debug\stm32f7xx_ll_rng.o
c:\repo\stm32f746ng_discovery_init\kingslanding\visualgdb\debug\stm32f7xx_ll_rtc.o
c:\repo\stm32f746ng_discovery_init\kingslanding\visualgdb\debug\stm32f7xx_ll_sdmmc.o
c:\repo\stm32f746ng_discovery_init\kingslanding\visualgdb\debug\stm32f7xx_ll_spi.o
c:\repo\stm32f746ng_discovery_init\kingslanding\visualgdb\debug\stm32f7xx_ll_tim.o
c:\repo\stm32f746ng_discovery_init\kingslanding\visualgdb\debug\stm32f7xx_ll_usart.o
c:\repo\stm32f746ng_discovery_init\kingslanding\visualgdb\debug\stm32f7xx_ll_usb.o
c:\repo\stm32f746ng_discovery_init\kingslanding\visualgdb\debug\stm32f7xx_ll_utils.o
c:\repo\stm32f746ng_discovery_init\kingslanding\visualgdb\debug\system_stm32f7xx.o
c:\repo\stm32f746ng_discovery_init\kingslanding\visualgdb\debug\main.dep
c:\repo\stm32f746ng_discovery_init\kingslanding\visualgdb\debug\startup_stm32f746xx.dep
c:\repo\stm32f746ng_discovery_init\kingslanding\visualgdb\debug\stm32f7xx_hal.dep
c:\repo\stm32f746ng_discovery_init\kingslanding\visualgdb\debug\stm32f7xx_hal_adc.dep
c:\repo\stm32f746ng_discovery_init\kingslanding\visualgdb\debug\stm32f7xx_hal_adc_ex.dep
c:\repo\stm32f746ng_discovery_init\kingslanding\visualgdb\debug\stm32f7xx_hal_can.dep
c:\repo\stm32f746ng_discovery_init\kingslanding\visualgdb\debug\stm32f7xx_hal_cec.dep
c:\repo\stm32f746ng_discovery_init\kingslanding\visualgdb\debug\stm32f7xx_hal_cortex.dep
c:\repo\stm32f746ng_discovery_init\kingslanding\visualgdb\debug\stm32f7xx_hal_crc.dep
c:\repo\stm32f746ng_discovery_init\kingslanding\visualgdb\debug\stm32f7xx_hal_crc_ex.dep
c:\repo\stm32f746ng_discovery_init\kingslanding\visualgdb\debug\stm32f7xx_hal_cryp.dep
c:\repo\stm32f746ng_discovery_init\kingslanding\visualgdb\debug\stm32f7xx_hal_cryp_ex.dep
c:\repo\stm32f746ng_discovery_init\kingslanding\visualgdb\debug\stm32f7xx_hal_dac.dep
c:\repo\stm32f746ng_discovery_init\kingslanding\visualgdb\debug\stm32f7xx_hal_dac_ex.dep
c:\repo\stm32f746ng_discovery_init\kingslanding\visualgdb\debug\stm32f7xx_hal_dcmi.dep
c:\repo\stm32f746ng_discovery_init\kingslanding\visualgdb\debug\stm32f7xx_hal_dcmi_ex.dep
c:\repo\stm32f746ng_discovery_init\kingslanding\visualgdb\debug\stm32f7xx_hal_dfsdm.dep
c:\repo\stm32f746ng_discovery_init\kingslanding\visualgdb\debug\stm32f7xx_hal_dma.dep
c:\repo\stm32f746ng_discovery_init\kingslanding\visualgdb\debug\stm32f7xx_hal_dma2d.dep
c:\repo\stm32f746ng_discovery_init\kingslanding\visualgdb\debug\stm32f7xx_hal_dma_ex.dep
c:\repo\stm32f746ng_discovery_init\kingslanding\visualgdb\debug\stm32f7xx_hal_dsi.dep
c:\repo\stm32f746ng_discovery_init\kingslanding\visualgdb\debug\stm32f7xx_hal_eth.dep
c:\repo\stm32f746ng_discovery_init\kingslanding\visualgdb\debug\stm32f7xx_hal_flash.dep
c:\repo\stm32f746ng_discovery_init\kingslanding\visualgdb\debug\stm32f7xx_hal_flash_ex.dep
c:\repo\stm32f746ng_discovery_init\kingslanding\visualgdb\debug\stm32f7xx_hal_gpio.dep
c:\repo\stm32f746ng_discovery_init\kingslanding\visualgdb\debug\stm32f7xx_hal_hash.dep
c:\repo\stm32f746ng_discovery_init\kingslanding\visualgdb\debug\stm32f7xx_hal_hash_ex.dep
c:\repo\stm32f746ng_discovery_init\kingslanding\visualgdb\debug\stm32f7xx_hal_hcd.dep
c:\repo\stm32f746ng_discovery_init\kingslanding\visualgdb\debug\stm32f7xx_hal_i2c.dep
c:\repo\stm32f746ng_discovery_init\kingslanding\visualgdb\debug\stm32f7xx_hal_i2c_ex.dep
c:\repo\stm32f746ng_discovery_init\kingslanding\visualgdb\debug\stm32f7xx_hal_i2s.dep
c:\repo\stm32f746ng_discovery_init\kingslanding\visualgdb\debug\stm32f7xx_hal_irda.dep
c:\repo\stm32f746ng_discovery_init\kingslanding\visualgdb\debug\stm32f7xx_hal_iwdg.dep
c:\repo\stm32f746ng_discovery_init\kingslanding\visualgdb\debug\stm32f7xx_hal_jpeg.dep
c:\repo\stm32f746ng_discovery_init\kingslanding\visualgdb\debug\stm32f7xx_hal_lptim.dep
c:\repo\stm32f746ng_discovery_init\kingslanding\visualgdb\debug\stm32f7xx_hal_ltdc.dep
c:\repo\stm32f746ng_discovery_init\kingslanding\visualgdb\debug\stm32f7xx_hal_ltdc_ex.dep
c:\repo\stm32f746ng_discovery_init\kingslanding\visualgdb\debug\stm32f7xx_hal_mdios.dep
c:\repo\stm32f746ng_discovery_init\kingslanding\visualgdb\debug\stm32f7xx_hal_mmc.dep
c:\repo\stm32f746ng_discovery_init\kingslanding\visualgdb\debug\stm32f7xx_hal_nand.dep
c:\repo\stm32f746ng_discovery_init\kingslanding\visualgdb\debug\stm32f7xx_hal_nor.dep
c:\repo\stm32f746ng_discovery_init\kingslanding\visualgdb\debug\stm32f7xx_hal_pcd.dep
c:\repo\stm32f746ng_discovery_init\kingslanding\visualgdb\debug\stm32f7xx_hal_pcd_ex.dep
c:\repo\stm32f746ng_discovery_init\kingslanding\visualgdb\debug\stm32f7xx_hal_pwr.dep
c:\repo\stm32f746ng_discovery_init\kingslanding\visualgdb\debug\stm32f7xx_hal_pwr_ex.dep
c:\repo\stm32f746ng_discovery_init\kingslanding\visualgdb\debug\stm32f7xx_hal_qspi.dep
c:\repo\stm32f746ng_discovery_init\kingslanding\visualgdb\debug\stm32f7xx_hal_rcc.dep
c:\repo\stm32f746ng_discovery_init\kingslanding\visualgdb\debug\stm32f7xx_hal_rcc_ex.dep
c:\repo\stm32f746ng_discovery_init\kingslanding\visualgdb\debug\stm32f7xx_hal_rng.dep
c:\repo\stm32f746ng_discovery_init\kingslanding\visualgdb\debug\stm32f7xx_hal_rtc.dep
c:\repo\stm32f746ng_discovery_init\kingslanding\visualgdb\debug\stm32f7xx_hal_rtc_ex.dep
c:\repo\stm32f746ng_discovery_init\kingslanding\visualgdb\debug\stm32f7xx_hal_sai.dep
c:\repo\stm32f746ng_discovery_init\kingslanding\visualgdb\debug\stm32f7xx_hal_sai_ex.dep
c:\repo\stm32f746ng_discovery_init\kingslanding\visualgdb\debug\stm32f7xx_hal_sd.dep
c:\repo\stm32f746ng_discovery_init\kingslanding\visualgdb\debug\stm32f7xx_hal_sdram.dep
c:\repo\stm32f746ng_discovery_init\kingslanding\visualgdb\debug\stm32f7xx_hal_smartcard.dep
c:\repo\stm32f746ng_discovery_init\kingslanding\visualgdb\debug\stm32f7xx_hal_smartcard_ex.dep
c:\repo\stm32f746ng_discovery_init\kingslanding\visualgdb\debug\stm32f7xx_hal_smbus.dep
c:\repo\stm32f746ng_discovery_init\kingslanding\visualgdb\debug\stm32f7xx_hal_spdifrx.dep
c:\repo\stm32f746ng_discovery_init\kingslanding\visualgdb\debug\stm32f7xx_hal_spi.dep
c:\repo\stm32f746ng_discovery_init\kingslanding\visualgdb\debug\stm32f7xx_hal_sram.dep
c:\repo\stm32f746ng_discovery_init\kingslanding\visualgdb\debug\stm32f7xx_hal_tim.dep
c:\repo\stm32f746ng_discovery_init\kingslanding\visualgdb\debug\stm32f7xx_hal_tim_ex.dep
c:\repo\stm32f746ng_discovery_init\kingslanding\visualgdb\debug\stm32f7xx_hal_uart.dep
c:\repo\stm32f746ng_discovery_init\kingslanding\visualgdb\debug\stm32f7xx_hal_usart.dep
c:\repo\stm32f746ng_discovery_init\kingslanding\visualgdb\debug\stm32f7xx_hal_wwdg.dep
c:\repo\stm32f746ng_discovery_init\kingslanding\visualgdb\debug\stm32f7xx_ll_adc.dep
c:\repo\stm32f746ng_discovery_init\kingslanding\visualgdb\debug\stm32f7xx_ll_crc.dep
c:\repo\stm32f746ng_discovery_init\kingslanding\visualgdb\debug\stm32f7xx_ll_dac.dep
c:\repo\stm32f746ng_discovery_init\kingslanding\visualgdb\debug\stm32f7xx_ll_dma.dep
c:\repo\stm32f746ng_discovery_init\kingslanding\visualgdb\debug\stm32f7xx_ll_dma2d.dep
c:\repo\stm32f746ng_discovery_init\kingslanding\visualgdb\debug\stm32f7xx_ll_exti.dep
c:\repo\stm32f746ng_discovery_init\kingslanding\visualgdb\debug\stm32f7xx_ll_fmc.dep
c:\repo\stm32f746ng_discovery_init\kingslanding\visualgdb\debug\stm32f7xx_ll_gpio.dep
c:\repo\stm32f746ng_discovery_init\kingslanding\visualgdb\debug\stm32f7xx_ll_i2c.dep
c:\repo\stm32f746ng_discovery_init\kingslanding\visualgdb\debug\stm32f7xx_ll_lptim.dep
c:\repo\stm32f746ng_discovery_init\kingslanding\visualgdb\debug\stm32f7xx_ll_pwr.dep
c:\repo\stm32f746ng_discovery_init\kingslanding\visualgdb\debug\stm32f7xx_ll_rcc.dep
c:\repo\stm32f746ng_discovery_init\kingslanding\visualgdb\debug\stm32f7xx_ll_rng.dep
c:\repo\stm32f746ng_discovery_init\kingslanding\visualgdb\debug\stm32f7xx_ll_rtc.dep
c:\repo\stm32f746ng_discovery_init\kingslanding\visualgdb\debug\stm32f7xx_ll_sdmmc.dep
c:\repo\stm32f746ng_discovery_init\kingslanding\visualgdb\debug\stm32f7xx_ll_spi.dep
c:\repo\stm32f746ng_discovery_init\kingslanding\visualgdb\debug\stm32f7xx_ll_tim.dep
c:\repo\stm32f746ng_discovery_init\kingslanding\visualgdb\debug\stm32f7xx_ll_usart.dep
c:\repo\stm32f746ng_discovery_init\kingslanding\visualgdb\debug\stm32f7xx_ll_usb.dep
c:\repo\stm32f746ng_discovery_init\kingslanding\visualgdb\debug\stm32f7xx_ll_utils.dep
c:\repo\stm32f746ng_discovery_init\kingslanding\visualgdb\debug\system_stm32f7xx.dep
c:\repo\stm32f746ng_discovery_init\kingslanding\visualgdb\debug\main.gcc.rsp
c:\repo\stm32f746ng_discovery_init\kingslanding\visualgdb\debug\startup_stm32f746xx.gcc.rsp
c:\repo\stm32f746ng_discovery_init\kingslanding\visualgdb\debug\stm32f7xx_hal.gcc.rsp
c:\repo\stm32f746ng_discovery_init\kingslanding\visualgdb\debug\stm32f7xx_hal_adc.gcc.rsp
c:\repo\stm32f746ng_discovery_init\kingslanding\visualgdb\debug\stm32f7xx_hal_adc_ex.gcc.rsp
c:\repo\stm32f746ng_discovery_init\kingslanding\visualgdb\debug\stm32f7xx_hal_can.gcc.rsp
c:\repo\stm32f746ng_discovery_init\kingslanding\visualgdb\debug\stm32f7xx_hal_cec.gcc.rsp
c:\repo\stm32f746ng_discovery_init\kingslanding\visualgdb\debug\stm32f7xx_hal_cortex.gcc.rsp
c:\repo\stm32f746ng_discovery_init\kingslanding\visualgdb\debug\stm32f7xx_hal_crc.gcc.rsp
c:\repo\stm32f746ng_discovery_init\kingslanding\visualgdb\debug\stm32f7xx_hal_crc_ex.gcc.rsp
c:\repo\stm32f746ng_discovery_init\kingslanding\visualgdb\debug\stm32f7xx_hal_cryp.gcc.rsp
c:\repo\stm32f746ng_discovery_init\kingslanding\visualgdb\debug\stm32f7xx_hal_cryp_ex.gcc.rsp
c:\repo\stm32f746ng_discovery_init\kingslanding\visualgdb\debug\stm32f7xx_hal_dac.gcc.rsp
c:\repo\stm32f746ng_discovery_init\kingslanding\visualgdb\debug\stm32f7xx_hal_dac_ex.gcc.rsp
c:\repo\stm32f746ng_discovery_init\kingslanding\visualgdb\debug\stm32f7xx_hal_dcmi.gcc.rsp
c:\repo\stm32f746ng_discovery_init\kingslanding\visualgdb\debug\stm32f7xx_hal_dcmi_ex.gcc.rsp
c:\repo\stm32f746ng_discovery_init\kingslanding\visualgdb\debug\stm32f7xx_hal_dfsdm.gcc.rsp
c:\repo\stm32f746ng_discovery_init\kingslanding\visualgdb\debug\stm32f7xx_hal_dma.gcc.rsp
c:\repo\stm32f746ng_discovery_init\kingslanding\visualgdb\debug\stm32f7xx_hal_dma2d.gcc.rsp
c:\repo\stm32f746ng_discovery_init\kingslanding\visualgdb\debug\stm32f7xx_hal_dma_ex.gcc.rsp
c:\repo\stm32f746ng_discovery_init\kingslanding\visualgdb\debug\stm32f7xx_hal_dsi.gcc.rsp
c:\repo\stm32f746ng_discovery_init\kingslanding\visualgdb\debug\stm32f7xx_hal_eth.gcc.rsp
c:\repo\stm32f746ng_discovery_init\kingslanding\visualgdb\debug\stm32f7xx_hal_flash.gcc.rsp
c:\repo\stm32f746ng_discovery_init\kingslanding\visualgdb\debug\stm32f7xx_hal_flash_ex.gcc.rsp
c:\repo\stm32f746ng_discovery_init\kingslanding\visualgdb\debug\stm32f7xx_hal_gpio.gcc.rsp
c:\repo\stm32f746ng_discovery_init\kingslanding\visualgdb\debug\stm32f7xx_hal_hash.gcc.rsp
c:\repo\stm32f746ng_discovery_init\kingslanding\visualgdb\debug\stm32f7xx_hal_hash_ex.gcc.rsp
c:\repo\stm32f746ng_discovery_init\kingslanding\visualgdb\debug\stm32f7xx_hal_hcd.gcc.rsp
c:\repo\stm32f746ng_discovery_init\kingslanding\visualgdb\debug\stm32f7xx_hal_i2c.gcc.rsp
c:\repo\stm32f746ng_discovery_init\kingslanding\visualgdb\debug\stm32f7xx_hal_i2c_ex.gcc.rsp
c:\repo\stm32f746ng_discovery_init\kingslanding\visualgdb\debug\stm32f7xx_hal_i2s.gcc.rsp
c:\repo\stm32f746ng_discovery_init\kingslanding\visualgdb\debug\stm32f7xx_hal_irda.gcc.rsp
c:\repo\stm32f746ng_discovery_init\kingslanding\visualgdb\debug\stm32f7xx_hal_iwdg.gcc.rsp
c:\repo\stm32f746ng_discovery_init\kingslanding\visualgdb\debug\stm32f7xx_hal_jpeg.gcc.rsp
c:\repo\stm32f746ng_discovery_init\kingslanding\visualgdb\debug\stm32f7xx_hal_lptim.gcc.rsp
c:\repo\stm32f746ng_discovery_init\kingslanding\visualgdb\debug\stm32f7xx_hal_ltdc.gcc.rsp
c:\repo\stm32f746ng_discovery_init\kingslanding\visualgdb\debug\stm32f7xx_hal_ltdc_ex.gcc.rsp
c:\repo\stm32f746ng_discovery_init\kingslanding\visualgdb\debug\stm32f7xx_hal_mdios.gcc.rsp
c:\repo\stm32f746ng_discovery_init\kingslanding\visualgdb\debug\stm32f7xx_hal_mmc.gcc.rsp
c:\repo\stm32f746ng_discovery_init\kingslanding\visualgdb\debug\stm32f7xx_hal_nand.gcc.rsp
c:\repo\stm32f746ng_discovery_init\kingslanding\visualgdb\debug\stm32f7xx_hal_nor.gcc.rsp
c:\repo\stm32f746ng_discovery_init\kingslanding\visualgdb\debug\stm32f7xx_hal_pcd.gcc.rsp
c:\repo\stm32f746ng_discovery_init\kingslanding\visualgdb\debug\stm32f7xx_hal_pcd_ex.gcc.rsp
c:\repo\stm32f746ng_discovery_init\kingslanding\visualgdb\debug\stm32f7xx_hal_pwr.gcc.rsp
c:\repo\stm32f746ng_discovery_init\kingslanding\visualgdb\debug\stm32f7xx_hal_pwr_ex.gcc.rsp
c:\repo\stm32f746ng_discovery_init\kingslanding\visualgdb\debug\stm32f7xx_hal_qspi.gcc.rsp
c:\repo\stm32f746ng_discovery_init\kingslanding\visualgdb\debug\stm32f7xx_hal_rcc.gcc.rsp
c:\repo\stm32f746ng_discovery_init\kingslanding\visualgdb\debug\stm32f7xx_hal_rcc_ex.gcc.rsp
c:\repo\stm32f746ng_discovery_init\kingslanding\visualgdb\debug\stm32f7xx_hal_rng.gcc.rsp
c:\repo\stm32f746ng_discovery_init\kingslanding\visualgdb\debug\stm32f7xx_hal_rtc.gcc.rsp
c:\repo\stm32f746ng_discovery_init\kingslanding\visualgdb\debug\stm32f7xx_hal_rtc_ex.gcc.rsp
c:\repo\stm32f746ng_discovery_init\kingslanding\visualgdb\debug\stm32f7xx_hal_sai.gcc.rsp
c:\repo\stm32f746ng_discovery_init\kingslanding\visualgdb\debug\stm32f7xx_hal_sai_ex.gcc.rsp
c:\repo\stm32f746ng_discovery_init\kingslanding\visualgdb\debug\stm32f7xx_hal_sd.gcc.rsp
c:\repo\stm32f746ng_discovery_init\kingslanding\visualgdb\debug\stm32f7xx_hal_sdram.gcc.rsp
c:\repo\stm32f746ng_discovery_init\kingslanding\visualgdb\debug\stm32f7xx_hal_smartcard.gcc.rsp
c:\repo\stm32f746ng_discovery_init\kingslanding\visualgdb\debug\stm32f7xx_hal_smartcard_ex.gcc.rsp
c:\repo\stm32f746ng_discovery_init\kingslanding\visualgdb\debug\stm32f7xx_hal_smbus.gcc.rsp
c:\repo\stm32f746ng_discovery_init\kingslanding\visualgdb\debug\stm32f7xx_hal_spdifrx.gcc.rsp
c:\repo\stm32f746ng_discovery_init\kingslanding\visualgdb\debug\stm32f7xx_hal_spi.gcc.rsp
c:\repo\stm32f746ng_discovery_init\kingslanding\visualgdb\debug\stm32f7xx_hal_sram.gcc.rsp
c:\repo\stm32f746ng_discovery_init\kingslanding\visualgdb\debug\stm32f7xx_hal_tim.gcc.rsp
c:\repo\stm32f746ng_discovery_init\kingslanding\visualgdb\debug\stm32f7xx_hal_tim_ex.gcc.rsp
c:\repo\stm32f746ng_discovery_init\kingslanding\visualgdb\debug\stm32f7xx_hal_uart.gcc.rsp
c:\repo\stm32f746ng_discovery_init\kingslanding\visualgdb\debug\stm32f7xx_hal_usart.gcc.rsp
c:\repo\stm32f746ng_discovery_init\kingslanding\visualgdb\debug\stm32f7xx_hal_wwdg.gcc.rsp
c:\repo\stm32f746ng_discovery_init\kingslanding\visualgdb\debug\stm32f7xx_ll_adc.gcc.rsp
c:\repo\stm32f746ng_discovery_init\kingslanding\visualgdb\debug\stm32f7xx_ll_crc.gcc.rsp
c:\repo\stm32f746ng_discovery_init\kingslanding\visualgdb\debug\stm32f7xx_ll_dac.gcc.rsp
c:\repo\stm32f746ng_discovery_init\kingslanding\visualgdb\debug\stm32f7xx_ll_dma.gcc.rsp
c:\repo\stm32f746ng_discovery_init\kingslanding\visualgdb\debug\stm32f7xx_ll_dma2d.gcc.rsp
c:\repo\stm32f746ng_discovery_init\kingslanding\visualgdb\debug\stm32f7xx_ll_exti.gcc.rsp
c:\repo\stm32f746ng_discovery_init\kingslanding\visualgdb\debug\stm32f7xx_ll_fmc.gcc.rsp
c:\repo\stm32f746ng_discovery_init\kingslanding\visualgdb\debug\stm32f7xx_ll_gpio.gcc.rsp
c:\repo\stm32f746ng_discovery_init\kingslanding\visualgdb\debug\stm32f7xx_ll_i2c.gcc.rsp
c:\repo\stm32f746ng_discovery_init\kingslanding\visualgdb\debug\stm32f7xx_ll_lptim.gcc.rsp
c:\repo\stm32f746ng_discovery_init\kingslanding\visualgdb\debug\stm32f7xx_ll_pwr.gcc.rsp
c:\repo\stm32f746ng_discovery_init\kingslanding\visualgdb\debug\stm32f7xx_ll_rcc.gcc.rsp
c:\repo\stm32f746ng_discovery_init\kingslanding\visualgdb\debug\stm32f7xx_ll_rng.gcc.rsp
c:\repo\stm32f746ng_discovery_init\kingslanding\visualgdb\debug\stm32f7xx_ll_rtc.gcc.rsp
c:\repo\stm32f746ng_discovery_init\kingslanding\visualgdb\debug\stm32f7xx_ll_sdmmc.gcc.rsp
c:\repo\stm32f746ng_discovery_init\kingslanding\visualgdb\debug\stm32f7xx_ll_spi.gcc.rsp
c:\repo\stm32f746ng_discovery_init\kingslanding\visualgdb\debug\stm32f7xx_ll_tim.gcc.rsp
c:\repo\stm32f746ng_discovery_init\kingslanding\visualgdb\debug\stm32f7xx_ll_usart.gcc.rsp
c:\repo\stm32f746ng_discovery_init\kingslanding\visualgdb\debug\stm32f7xx_ll_usb.gcc.rsp
c:\repo\stm32f746ng_discovery_init\kingslanding\visualgdb\debug\stm32f7xx_ll_utils.gcc.rsp
c:\repo\stm32f746ng_discovery_init\kingslanding\visualgdb\debug\system_stm32f7xx.gcc.rsp
c:\repo\stm32f746ng_discovery_init\kingslanding\visualgdb\debug\stm32f7.alldeps
